#
# A fatal error has been detected by the Java Runtime Environment:
#
#  SIGSEGV (0xb) at pc=0x00007f211d7da540, pid=1150491, tid=1150616
#
# JRE version: OpenJDK Runtime Environment 18.9 (11.0.11+9) (build 11.0.11+9)
# Java VM: OpenJDK 64-Bit Server VM 18.9 (11.0.11+9, mixed mode, tiered, compressed oops, g1 gc, linux-amd64)
# Problematic frame:
# C  [libc.so.6+0x18e540]
#
# Core dump will be written. Default location: Core dumps may be processed with "/usr/share/apport/apport -p%p -s%s -c%c -d%d -P%P -u%u -g%g -- %E" (or dumping to /home/users/davide.salonico/sparse_blossom_prj/core.1150491)
#
# If you would like to submit a bug report, please visit:
#   https://bugreport.java.com/bugreport/crash.jsp
# The crash happened outside the Java Virtual Machine in native code.
# See problematic frame for where to report the bug.
#

---------------  S U M M A R Y ------------

Command Line: -Xms512m -Xmx4096m -XX:+HeapDumpOnOutOfMemoryError --add-modules=ALL-SYSTEM /home/xilinx/software/Vitis_HLS/2022.2/lnx64/tools/eclipse/plugins/org.eclipse.equinox.launcher_1.5.700.v20200207-2156.jar -showlocation -vm /home/xilinx/software/Vitis_HLS/2022.2/tps/lnx64/jre11.0.11_9/bin/java -clean -configuration /home/users/davide.salonico/.Xilinx/vitis_hls/2022.2.2/workspace2 -data /home/users/davide.salonico/.Xilinx/vitis_hls/2022.2.2/workspace2 -perspective com.autoesl.autopilot.ui.platform.perspective -application com.autoesl.autopilot.ui.platform.application -showsplash /home/xilinx/software/Vitis_HLS/2022.2/common/icons/splash_dark.bmp

Host: 