Thu May  2 17:06:51 2024: Running xcd server. This server was built by gradle.
Thu May  2 17:06:51 2024: Server was asked to start on port: '34557'
Thu May  2 17:06:51 2024: Server is using token UUID: '906feaa1-a15f-421d-b1dd-963d5068d633'
Thu May  2 17:06:51 2024: SESSION_MGR: creating session with session uuid: '6d04a3e9-ade5-4ab9-8d63-1f78fcd2ec76' and name 'default'
Thu May  2 17:06:51 2024: Attempting to start server on port '34557'
Thu May  2 17:06:51 2024: XCD main fifo: created main fifo '/tmp/xcdmain906feaa1-a15f-421d-b1dd-963d5068d633', fd read = 13
Thu May  2 17:06:51 2024: Running Dispatch Server
Thu May  2 17:06:51 2024: Version 2.2.0
Thu May  2 17:07:00 2024: Dispatch Server: Accepted socket connection from client
Thu May  2 17:07:00 2024: Starting Socket connection
Thu May  2 17:07:00 2024: EXCHANGE_TOKEN received, server token: 906feaa1-a15f-421d-b1dd-963d5068d633, passed token: 906feaa1-a15f-421d-b1dd-963d5068d633
Thu May  2 17:07:00 2024: SESSION_MGR: creating session with session uuid: '8f3d4a74-6753-4ef0-b88e-c9991dc5fcac' and name 'vitis_hls'
Thu May  2 17:07:00 2024: KERNEL_SVC: creating session with uuid: '8f3d4a74-6753-4ef0-b88e-c9991dc5fcac' and name 'vitis_hls'
Thu May  2 17:07:00 2024: GUIDANCE_SMGR: creating guidance session with uuid: '8f3d4a74-6753-4ef0-b88e-c9991dc5fcac' and name 'vitis_hls'
Thu May  2 17:07:00 2024: STOP_SERVER received, server token: 906feaa1-a15f-421d-b1dd-963d5068d633, passed token: 906feaa1-a15f-421d-b1dd-963d5068d633
Thu May  2 17:07:00 2024: Socket received request to stop server.
Thu May  2 17:07:00 2024: Dispatch Server: do_await_stop
Thu May  2 17:07:00 2024: Dispatch Server: stopping mainFifo_
Thu May  2 17:07:00 2024: XCD main fifo: Stopping
Thu May  2 17:07:00 2024: XCD main fifo: do_read error code: Operation canceled
Thu May  2 17:07:00 2024: XCD main fifo: bytes_transferred: 0
Thu May  2 17:07:00 2024: SERVER: destructor for server bound to port 34557
Thu May  2 17:07:00 2024: XCD main fifo: Good unlink of /tmp/xcdmain906feaa1-a15f-421d-b1dd-963d5068d633
Thu May  2 17:07:00 2024: Server exiting with status 0.
Thu May  2 17:07:00 2024: Closing log file.
