INFO-FLOW: Workspace /home/users/davide.salonico/sparse_blossom_prj/sparse_blossom_vitis_prj/solution1 opened at Thu May 02 17:06:46 CEST 2024
Execute     ap_set_clock -name default -period 10 -default=false 
INFO: [SYN 201-201] Setting up clock 'default' with a period of 10ns.
Execute     set_part xcvu11p-flga2577-1-e 
Execute       create_platform xcvu11p-flga2577-1-e -board  
DBG:HLSDevice: Trying to load device library: /home/xilinx/software/Vitis_HLS/2022.2/lib/lnx64.o/libxv_hlsvwrap.so
DBG:HLSDevice: first parts/arch.xml in RDI_DATADIR: /home/xilinx/software/Vivado/2022.2/data/parts/arch.xml
DBG:HLSDevice: init success
INFO: [HLS 200-1611] Setting target device to 'xcvu11p-flga2577-1-e'
Command       create_platform done; 3.01 sec.
Execute       source /home/xilinx/software/Vitis_HLS/2022.2/common/technology/xilinx/common/xilinx.gen 
Execute         source /home/xilinx/software/Vitis_HLS/2022.2/common/technology/xilinx/interface/plb46.gen 
Execute         source /home/xilinx/software/Vitis_HLS/2022.2/common/technology/xilinx/interface/axi4.gen 
Execute         source /home/xilinx/software/Vitis_HLS/2022.2/common/technology/xilinx/interface/nativeAXI4.gen 
Execute           source /home/xilinx/software/Vitis_HLS/2022.2/common/technology/xilinx/interface/saxilite.gen 
Execute         source /home/xilinx/software/Vitis_HLS/2022.2/common/technology/xilinx/scripts/xilinxcoregen.gen 
Execute         source /home/xilinx/software/Vitis_HLS/2022.2/common/technology/xilinx/interface/XilEDKCoreGen.gen 
Execute         source /home/xilinx/software/Vitis_HLS/2022.2/common/technology/xilinx/ip/xfft.gen 
Execute         source /home/xilinx/software/Vitis_HLS/2022.2/common/technology/xilinx/ip/dds_compiler.gen 
Execute         source /home/xilinx/software/Vitis_HLS/2022.2/common/technology/xilinx/ip/util.gen 
Execute         source /home/xilinx/software/Vitis_HLS/2022.2/common/technology/xilinx/ip/xfir.gen 
Execute         source /home/xilinx/software/Vitis_HLS/2022.2/common/technology/xilinx/DSP48/dsp48.gen 
Command       ap_source done; 0.11 sec.
Execute       ap_part_info -name xcvu11p-flga2577-1-e -data info 
Execute       config_compile -quiet -complex-mul-dsp=0 
Command     set_part done; 3.15 sec.
Execute     send_msg_by_id INFO @200-1505@%s%s  vivado 
INFO: [HLS 200-1505] Using flow_target 'vivado'
Command   open_solution done; 3.27 sec.
Execute   set_part xcvu11p-flga2577-1-e 
INFO: [HLS 200-1510] Running: set_part xcvu11p-flga2577-1-e 
Execute     create_platform xcvu11p-flga2577-1-e -board  
Execute     source /home/xilinx/software/Vitis_HLS/2022.2/common/technology/xilinx/common/xilinx.gen 
Execute       source /home/xilinx/software/Vitis_HLS/2022.2/common/technology/xilinx/interface/plb46.gen 
Execute       source /home/xilinx/software/Vitis_HLS/2022.2/common/technology/xilinx/interface/axi4.gen 
Execute       source /home/xilinx/software/Vitis_HLS/2022.2/common/technology/xilinx/interface/nativeAXI4.gen 
Execute         source /home/xilinx/software/Vitis_HLS/2022.2/common/technology/xilinx/interface/saxilite.gen 
Execute       source /home/xilinx/software/Vitis_HLS/2022.2/common/technology/xilinx/scripts/xilinxcoregen.gen 
Execute       source /home/xilinx/software/Vitis_HLS/2022.2/common/technology/xilinx/interface/XilEDKCoreGen.gen 
Execute       source /home/xilinx/software/Vitis_HLS/2022.2/common/technology/xilinx/ip/xfft.gen 
Execute       source /home/xilinx/software/Vitis_HLS/2022.2/common/technology/xilinx/ip/dds_compiler.gen 
Execute       source /home/xilinx/software/Vitis_HLS/2022.2/common/technology/xilinx/ip/util.gen 
Execute       source /home/xilinx/software/Vitis_HLS/2022.2/common/technology/xilinx/ip/xfir.gen 
Execute       source /home/xilinx/software/Vitis_HLS/2022.2/common/technology/xilinx/DSP48/dsp48.gen 
Execute     ap_part_info -name xcvu11p-flga2577-1-e -data info 
Execute     config_compile -quiet -complex-mul-dsp=0 
Command   set_part done; 0.14 sec.
Execute   create_clock -period 10 -name default 
INFO: [HLS 200-1510] Running: create_clock -period 10 -name default 
Execute   csynth_design 
INFO: [HLS 200-1510] Running: csynth_design 
Execute     elaborate -effort=medium -skip_syncheck=0 -keep_printf=0 -skip_cdt=0 -skip_transform=0 -ng=0 -g=0 -opt_fp=0 -from_csynth_design=1 
INFO: [HLS 200-111] Finished File checks and directory preparation: CPU user time: 0.01 seconds. CPU system time: 0.04 seconds. Elapsed time: 10.1 seconds; current allocated memory: 876.684 MB.
INFO: [HLS 200-10] Analyzing design file 'src/kernel.cpp' ... 
INFO-FLOW: Compiling one TU...
INFO-FLOW: Handling src/kernel.cpp as C++
Execute       ap_part_info -name xcvu11p-flga2577-1-e -data info 
INFO-FLOW: Running: GCC PP 39
INFO-FLOW: Source preprocessing
Execute       ap_eval exec -ignorestderr /home/xilinx/software/Vitis_HLS/2022.2/lnx64/tools/clang-3.9-csynth/bin/clang src/kernel.cpp -foptimization-record-file=/home/users/davide.salonico/sparse_blossom_prj/sparse_blossom_vitis_prj/solution1/.autopilot/db/kernel.cpp.clang.diag.yml -mllvm -pass-remarks-missed=reflow|pasta|unroll -mllvm -pass-remarks=reflow|pasta|unroll|inline -fno-limit-debug-info -gcc-toolchain /home/xilinx/software/Vitis_HLS/2022.2/tps/lnx64/gcc-8.3.0 -fhls -fno-exceptions -E -fno-math-errno -c -emit-llvm -mllvm -disable-llvm-optzns -Werror=implicit-function-declaration -Werror=implicit-hls-streams -Werror=return-type -Wpragmas -Wunused-parameter -Wdump-hls-pragmas -Wno-error=dump-hls-pragmas -fno-threadsafe-statics -fno-use-cxa-atexit -std=gnu++14 -target fpga64-xilinx-linux-gnu -fno-threadsafe-statics -fno-use-cxa-atexit -D__VITIS_HLS__ -DAESL_SYN -D__SYNTHESIS__ -D__HLS_SYN__ -I /home/xilinx/software/Vitis_HLS/2022.2/common/technology/autopilot -I /home/xilinx/software/Vitis_HLS/2022.2/common/technology/autopilot/ap_sysc -include etc/autopilot_ssdm_op.h -D__DSP48E2__ -I /usr/include/x86_64-linux-gnu -o /home/users/davide.salonico/sparse_blossom_prj/sparse_blossom_vitis_prj/solution1/.autopilot/db/kernel.pp.0.cpp -hls-platform-db-name=/home/xilinx/software/Vitis_HLS/2022.2/common/technology/xilinx/common/platform.db -hls-platform-name=virtexuplus_slow -device-resource-info=BRAM_4032.000000_DSP_9216.000000_FF_2592000.000000_LUT_1296000.000000_SLICE_162000.000000_SLR_3.000000_URAM_960.000000 -device-name-info=xcvu11p-flga2577-1-e > /home/users/davide.salonico/sparse_blossom_prj/sparse_blossom_vitis_prj/solution1/.autopilot/db/kernel.cpp.clang.out.log 2> /home/users/davide.salonico/sparse_blossom_prj/sparse_blossom_vitis_prj/solution1/.autopilot/db/kernel.cpp.clang.err.log 
Command       ap_eval done; error code: 1; 0.35 sec.
ERROR: [HLS 207-812] 'DaCH/src/cache.h' file not found (src/kernel.hpp:4:10)
INFO-FLOW: Caught error in elaborate: 
    while executing
"ap_compile_CCPP $srcf $skip_transform CFLAGS $skip_cdt $objdir $is_xip"
    (procedure "AP::ap_compile_one_tu_39" line 48)
    invoked from within
"AP::ap_compile_one_tu_39 $srcfile $skip_transform $dbgInfo $skip_cdt "$cflags""
    ("foreach" body line 10)
    invoked from within
"foreach fentry $dut_files {
        #puts "file: $fentry"
        set fatt [lindex $fentry 1]
        array set opt $fatt
        set srcfile $opt(nam..."
    (procedure "AP::compile_dut_files_39" line 4)
    invoked from within
"AP::compile_dut_files_39 $dut_files $dbgInfo $skip_cdt $skip_transform"
    (procedure "AP::compile" line 103)
    invoked from within
"AP::compile 1 $skip_cdt $skip_transform"
    (procedure "ap_internal_elaborate" line 83)
    invoked from within
"ap_internal_elaborate "
Command     elaborate done; error code: 2; 0.4 sec.
INFO-FLOW: Caught error in csynth_design: 
    while executing
"ap_internal_csynth_design "
Command   csynth_design done; error code: 2; 0.4 sec.
INFO: [HLS 200-111] Finished Command csynth_design CPU user time: 0.22 seconds. CPU system time: 0.2 seconds. Elapsed time: 0.4 seconds; current allocated memory: 0.000 MB.
Command ap_source done; error code: 1; 13.92 sec.
Execute cleanup_all 
