Sun May 19 23:46:27 2024: Running xcd server. This server was built by gradle.
Sun May 19 23:46:27 2024: Server was asked to start on port: '34541'
Sun May 19 23:46:27 2024: Server is using token UUID: 'd9e9ac82-aeb4-461e-986b-2779745769fd'
Sun May 19 23:46:27 2024: SESSION_MGR: creating session with session uuid: '6d04a3e9-ade5-4ab9-8d63-1f78fcd2ec76' and name 'default'
Sun May 19 23:46:27 2024: Attempting to start server on port '34541'
Sun May 19 23:46:27 2024: XCD main fifo: created main fifo '/tmp/xcdmaind9e9ac82-aeb4-461e-986b-2779745769fd', fd read = 13
Sun May 19 23:46:27 2024: Running Dispatch Server
Sun May 19 23:46:27 2024: Version 2.2.0
Sun May 19 23:46:35 2024: Dispatch Server: Accepted socket connection from client
Sun May 19 23:46:35 2024: Starting Socket connection
Sun May 19 23:46:35 2024: EXCHANGE_TOKEN received, server token: d9e9ac82-aeb4-461e-986b-2779745769fd, passed token: d9e9ac82-aeb4-461e-986b-2779745769fd
Sun May 19 23:46:35 2024: SESSION_MGR: creating session with session uuid: '74451799-1a6a-4dbd-bcc9-811c97264d37' and name 'vitis_hls'
Sun May 19 23:46:35 2024: KERNEL_SVC: creating session with uuid: '74451799-1a6a-4dbd-bcc9-811c97264d37' and name 'vitis_hls'
Sun May 19 23:46:35 2024: GUIDANCE_SMGR: creating guidance session with uuid: '74451799-1a6a-4dbd-bcc9-811c97264d37' and name 'vitis_hls'
Sun May 19 23:49:25 2024: STOP_SERVER received, server token: d9e9ac82-aeb4-461e-986b-2779745769fd, passed token: d9e9ac82-aeb4-461e-986b-2779745769fd
Sun May 19 23:49:25 2024: Socket received request to stop server.
Sun May 19 23:49:25 2024: Dispatch Server: do_await_stop
Sun May 19 23:49:25 2024: Dispatch Server: stopping mainFifo_
Sun May 19 23:49:25 2024: XCD main fifo: Stopping
Sun May 19 23:49:25 2024: XCD main fifo: do_read error code: Operation canceled
Sun May 19 23:49:25 2024: XCD main fifo: bytes_transferred: 0
Sun May 19 23:49:25 2024: SERVER: destructor for server bound to port 34541
Sun May 19 23:49:25 2024: XCD main fifo: Good unlink of /tmp/xcdmaind9e9ac82-aeb4-461e-986b-2779745769fd
Sun May 19 23:49:25 2024: Server exiting with status 0.
Sun May 19 23:49:25 2024: Closing log file.
