INFO-FLOW: Workspace /home/users/davide.salonico/sparse_blossom_prj/sparse_blossom_vitis_prj/solution_new opened at Sun May 19 23:43:11 CEST 2024
Execute     send_msg_by_id INFO @200-1505@%s%s default  vivado 
INFO: [HLS 200-1505] Using default flow_target 'vivado'
Execute     send_msg_by_id INFO @200-435@%s%s 'open_solution -flow_target vivado' config_interface -m_axi_latency=0 
INFO: [HLS 200-435] Setting 'open_solution -flow_target vivado' configuration: config_interface -m_axi_latency=0
Execute     config_interface -m_axi_latency=0 
Command   open_solution done; 0.12 sec.
Execute   add_files --help 
INFO: [HLS 200-1510] Running: add_files --help 
Execute   add_files data_transfer_host.cpp -tb true 
INFO: [HLS 200-1510] Running: add_files data_transfer_host.cpp -tb true 
ERROR: [HLS 200-101] 'add_files': Too many positional arguments specified.
Command   add_files done; error code: 1; 
Execute   add_files data_transfer_host.cpp -tb=true 
INFO: [HLS 200-1510] Running: add_files data_transfer_host.cpp -tb=true 
WARNING: [HLS 200-40] Cannot find test bench file 'data_transfer_host.cpp'
Execute   add_files dummy_kernel 
INFO: [HLS 200-1510] Running: add_files dummy_kernel 
WARNING: [HLS 200-40] Cannot find design file 'dummy_kernel'
Execute   add_files /src/dummy_kernel.cpp 
INFO: [HLS 200-1510] Running: add_files /src/dummy_kernel.cpp 
WARNING: [HLS 200-40] Cannot find design file '/src/dummy_kernel.cpp'
Execute   add_files src/dummy_kernel.cpp 
INFO: [HLS 200-1510] Running: add_files src/dummy_kernel.cpp 
INFO: [HLS 200-10] Adding design file 'src/dummy_kernel.cpp' to the project
Execute   add_files src/data_transfer_host.cpp -tb=true 
INFO: [HLS 200-1510] Running: add_files src/data_transfer_host.cpp -tb=true 
INFO: [HLS 200-10] Adding test bench file 'src/data_transfer_host.cpp' to the project
Execute   add_files src/kernel.hpp 
INFO: [HLS 200-1510] Running: add_files src/kernel.hpp 
INFO: [HLS 200-10] Adding design file 'src/kernel.hpp' to the project
Execute   is_hidden csim_design 
Execute   csim_design 
INFO: [HLS 200-1510] Running: csim_design 
INFO: [SIM 211-2] *************** CSIM start ***************
INFO: [SIM 211-4] CSIM will launch GCC as the compiler.
INFO: [SIM 211-7] User does not set_part, FPO V7 c-model will be used by default.
ERROR: [SIM 211-100] 'csim_design' failed: compilation error(s).
INFO: [SIM 211-3] *************** CSIM finish ***************
INFO-FLOW: Caught error in csim_design: 4
    while executing
"ap_internal_csim_design "
Command   csim_design done; error code: 2; 0.14 sec.
INFO: [HLS 200-111] Finished Command csim_design CPU user time: 0.06 seconds. CPU system time: 0.08 seconds. Elapsed time: 0.14 seconds; current allocated memory: 0.336 MB.
Execute   cleanup_all 
INFO-FLOW: Workspace /home/users/davide.salonico/sparse_blossom_prj/sparse_blossom_vitis_prj/solution_new opened at Mon May 20 14:00:37 CEST 2024
Execute     send_msg_by_id INFO @200-1505@%s%s  vivado 
INFO: [HLS 200-1505] Using flow_target 'vivado'
Execute     send_msg_by_id INFO @200-1464@%s config_interface -m_axi_latency=0 
INFO: [HLS 200-1464] Running solution command: config_interface -m_axi_latency=0
Execute     config_interface -m_axi_latency=0 
Command   open_solution done; 0.12 sec.
Execute   help 
Execute     get_help -width 120 -stderr 
Execute   is_hidden close_solution 
Execute   close_solution 
INFO: [HLS 200-1510] Running: close_solution 
Execute     cleanup_all 
Execute     cleanup_all 
